build/app/intermediates/manifest_merge_blame_file/release/manifest-merger-blame-release-report.txt
1<?xml version="1.0" encoding="utf-8"?>
2<manifest xmlns:android="http://schemas.android.com/apk/res/android"
3    package="com.example.movie_ticket_app"
4    android:versionCode="1"
5    android:versionName="1.0.0" >
6
7    <uses-sdk
8        android:minSdkVersion="21"
8-->src\main\AndroidManifest.xml
9        android:targetSdkVersion="31" />
9-->src\main\AndroidManifest.xml
10
11    <uses-permission android:name="android.permission.REQUEST_INSTALL_PACKAGES" />
11-->[:flutter_upgrade] AndroidManifest.xml:7:5-83
11-->[:flutter_upgrade] AndroidManifest.xml:7:22-80
12    <uses-permission android:name="android.permission.INTERNET" />
12-->[:google_sign_in_android] AndroidManifest.xml:7:5-67
12-->[:google_sign_in_android] AndroidManifest.xml:7:22-64
13
14    <queries>
14-->[com.razorpay:checkout:1.6.26] AndroidManifest.xml:11:5-37:15
15        <intent>
15-->[com.razorpay:checkout:1.6.26] AndroidManifest.xml:12:9-18:18
16            <action android:name="android.intent.action.VIEW" />
16-->[com.razorpay:checkout:1.6.26] AndroidManifest.xml:13:13-65
16-->[com.razorpay:checkout:1.6.26] AndroidManifest.xml:13:21-62
17
18            <data
18-->[com.razorpay:checkout:1.6.26] AndroidManifest.xml:15:13-17:38
19                android:mimeType="*/*"
19-->[com.razorpay:checkout:1.6.26] AndroidManifest.xml:16:17-39
20                android:scheme="*" />
20-->[com.razorpay:checkout:1.6.26] AndroidManifest.xml:17:17-35
21        </intent>
22        <intent>
22-->[com.razorpay:checkout:1.6.26] AndroidManifest.xml:19:9-28:18
23            <action android:name="android.intent.action.VIEW" />
23-->[com.razorpay:checkout:1.6.26] AndroidManifest.xml:13:13-65
23-->[com.razorpay:checkout:1.6.26] AndroidManifest.xml:13:21-62
24
25            <category android:name="android.intent.category.BROWSABLE" />
25-->[com.razorpay:checkout:1.6.26] AndroidManifest.xml:22:13-74
25-->[com.razorpay:checkout:1.6.26] AndroidManifest.xml:22:23-71
26
27            <data
27-->[com.razorpay:checkout:1.6.26] AndroidManifest.xml:15:13-17:38
28                android:host="pay"
29                android:mimeType="*/*"
29-->[com.razorpay:checkout:1.6.26] AndroidManifest.xml:16:17-39
30                android:scheme="upi" />
30-->[com.razorpay:checkout:1.6.26] AndroidManifest.xml:17:17-35
31        </intent>
32        <intent>
32-->[com.razorpay:checkout:1.6.26] AndroidManifest.xml:29:9-31:18
33            <action android:name="android.intent.action.MAIN" />
33-->src\main\AndroidManifest.xml:23:17-68
33-->src\main\AndroidManifest.xml:23:25-66
34        </intent>
35        <intent>
35-->[com.razorpay:checkout:1.6.26] AndroidManifest.xml:32:9-36:18
36            <action android:name="android.intent.action.SEND" />
36-->[com.razorpay:checkout:1.6.26] AndroidManifest.xml:33:13-65
36-->[com.razorpay:checkout:1.6.26] AndroidManifest.xml:33:21-62
37
38            <data android:mimeType="*/*" />
38-->[com.razorpay:checkout:1.6.26] AndroidManifest.xml:15:13-17:38
38-->[com.razorpay:checkout:1.6.26] AndroidManifest.xml:16:17-39
39        </intent>
40    </queries>
41
42    <uses-permission android:name="android.permission.ACCESS_NETWORK_STATE" />
42-->[com.google.firebase:firebase-auth:21.1.0] AndroidManifest.xml:24:5-79
42-->[com.google.firebase:firebase-auth:21.1.0] AndroidManifest.xml:24:22-76
43
44    <uses-feature
44-->[com.google.android.gms:play-services-maps:17.0.0] AndroidManifest.xml:26:5-28:35
45        android:glEsVersion="0x00020000"
45-->[com.google.android.gms:play-services-maps:17.0.0] AndroidManifest.xml:27:9-41
46        android:required="true" />
46-->[com.google.android.gms:play-services-maps:17.0.0] AndroidManifest.xml:28:9-32
47
48    <application
49        android:name="android.app.Application"
49-->src\main\AndroidManifest.xml:5:9-42
50        android:appComponentFactory="androidx.core.app.CoreComponentFactory"
50-->[androidx.core:core:1.6.0] AndroidManifest.xml:24:18-86
51        android:label="movie_ticket_app" >
51-->src\main\AndroidManifest.xml:4:9-41
52        <activity
52-->src\main\AndroidManifest.xml:6:9-26:20
53            android:name="com.example.movie_ticket_app.MainActivity"
53-->src\main\AndroidManifest.xml:7:13-41
54            android:configChanges="orientation|keyboardHidden|keyboard|screenSize|smallestScreenSize|locale|layoutDirection|fontScale|screenLayout|density|uiMode"
54-->src\main\AndroidManifest.xml:11:13-163
55            android:exported="true"
55-->src\main\AndroidManifest.xml:8:13-36
56            android:hardwareAccelerated="true"
56-->src\main\AndroidManifest.xml:12:13-47
57            android:launchMode="singleTop"
57-->src\main\AndroidManifest.xml:9:13-43
58            android:theme="@style/LaunchTheme"
58-->src\main\AndroidManifest.xml:10:13-47
59            android:windowSoftInputMode="adjustResize" >
59-->src\main\AndroidManifest.xml:13:13-55
60
61            <!--
62                 Specifies an Android theme to apply to this Activity as soon as
63                 the Android process has started. This theme is visible to the user
64                 while the Flutter UI initializes. After that, this theme continues
65                 to determine the Window background behind the Flutter UI.
66            -->
67            <meta-data
67-->src\main\AndroidManifest.xml:18:13-21:17
68                android:name="io.flutter.embedding.android.NormalTheme"
68-->src\main\AndroidManifest.xml:19:15-70
69                android:resource="@style/NormalTheme" />
69-->src\main\AndroidManifest.xml:20:15-52
70
71            <intent-filter>
71-->src\main\AndroidManifest.xml:22:13-25:29
72                <action android:name="android.intent.action.MAIN" />
72-->src\main\AndroidManifest.xml:23:17-68
72-->src\main\AndroidManifest.xml:23:25-66
73
74                <category android:name="android.intent.category.LAUNCHER" />
74-->src\main\AndroidManifest.xml:24:17-76
74-->src\main\AndroidManifest.xml:24:27-74
75            </intent-filter>
76        </activity>
77        <!--
78             Don't delete the meta-data below.
79             This is used by the Flutter tool to generate GeneratedPluginRegistrant.java
80        -->
81        <meta-data
81-->src\main\AndroidManifest.xml:29:9-31:33
82            android:name="flutterEmbedding"
82-->src\main\AndroidManifest.xml:30:13-44
83            android:value="2" />
83-->src\main\AndroidManifest.xml:31:13-30
84
85        <service
85-->[:firebase_auth] AndroidManifest.xml:8:9-12:19
86            android:name="com.google.firebase.components.ComponentDiscoveryService"
86-->[:firebase_auth] AndroidManifest.xml:8:18-89
87            android:directBootAware="true"
87-->[com.google.firebase:firebase-common:20.2.0] AndroidManifest.xml:34:13-43
88            android:exported="false" >
88-->[com.google.firebase:firebase-auth:21.1.0] AndroidManifest.xml:66:13-37
89            <meta-data
89-->[:firebase_auth] AndroidManifest.xml:9:13-11:85
90                android:name="com.google.firebase.components:io.flutter.plugins.firebase.auth.FlutterFirebaseAuthRegistrar"
90-->[:firebase_auth] AndroidManifest.xml:10:17-124
91                android:value="com.google.firebase.components.ComponentRegistrar" />
91-->[:firebase_auth] AndroidManifest.xml:11:17-82
92            <meta-data
92-->[:firebase_core] AndroidManifest.xml:9:13-11:85
93                android:name="com.google.firebase.components:io.flutter.plugins.firebase.core.FlutterFirebaseCoreRegistrar"
93-->[:firebase_core] AndroidManifest.xml:10:17-124
94                android:value="com.google.firebase.components.ComponentRegistrar" />
94-->[:firebase_core] AndroidManifest.xml:11:17-82
95            <meta-data
95-->[com.google.firebase:firebase-auth:21.1.0] AndroidManifest.xml:67:13-69:85
96                android:name="com.google.firebase.components:com.google.firebase.auth.FirebaseAuthRegistrar"
96-->[com.google.firebase:firebase-auth:21.1.0] AndroidManifest.xml:68:17-109
97                android:value="com.google.firebase.components.ComponentRegistrar" />
97-->[com.google.firebase:firebase-auth:21.1.0] AndroidManifest.xml:69:17-82
98        </service>
99
100        <receiver
100-->[com.razorpay:checkout:1.6.26] AndroidManifest.xml:40:9-46:20
101            android:name="com.razorpay.RzpTokenReceiver"
101-->[com.razorpay:checkout:1.6.26] AndroidManifest.xml:41:13-57
102            android:exported="false" >
102-->[com.razorpay:checkout:1.6.26] AndroidManifest.xml:42:13-37
103            <intent-filter>
103-->[com.razorpay:checkout:1.6.26] AndroidManifest.xml:43:13-45:29
104                <action android:name="rzp.device_token.share" />
104-->[com.razorpay:checkout:1.6.26] AndroidManifest.xml:44:17-65
104-->[com.razorpay:checkout:1.6.26] AndroidManifest.xml:44:25-62
105            </intent-filter>
106        </receiver>
107
108        <activity
108-->[com.razorpay:checkout:1.6.26] AndroidManifest.xml:48:9-60:20
109            android:name="com.razorpay.CheckoutActivity"
109-->[com.razorpay:checkout:1.6.26] AndroidManifest.xml:49:13-57
110            android:configChanges="keyboard|keyboardHidden|orientation|screenSize"
110-->[com.razorpay:checkout:1.6.26] AndroidManifest.xml:50:13-83
111            android:exported="true"
111-->[com.razorpay:checkout:1.6.26] AndroidManifest.xml:51:13-36
112            android:theme="@style/CheckoutTheme" >
112-->[com.razorpay:checkout:1.6.26] AndroidManifest.xml:52:13-49
113            <intent-filter>
113-->[com.razorpay:checkout:1.6.26] AndroidManifest.xml:53:13-59:29
114                <action android:name="android.intent.action.MAIN" />
114-->src\main\AndroidManifest.xml:23:17-68
114-->src\main\AndroidManifest.xml:23:25-66
115
116                <data
116-->[com.razorpay:checkout:1.6.26] AndroidManifest.xml:15:13-17:38
117                    android:host="rzp.io"
118                    android:scheme="io.rzp" />
118-->[com.razorpay:checkout:1.6.26] AndroidManifest.xml:17:17-35
119            </intent-filter>
120        </activity>
121
122        <meta-data
122-->[com.razorpay:checkout:1.6.26] AndroidManifest.xml:62:9-64:58
123            android:name="com.razorpay.plugin.googlepay_all"
123-->[com.razorpay:checkout:1.6.26] AndroidManifest.xml:63:13-61
124            android:value="com.razorpay.RzpGpayMerged" />
124-->[com.razorpay:checkout:1.6.26] AndroidManifest.xml:64:13-55
125
126        <uses-library
126-->[androidx.window:window:1.0.0-beta04] AndroidManifest.xml:25:9-27:40
127            android:name="androidx.window.extensions"
127-->[androidx.window:window:1.0.0-beta04] AndroidManifest.xml:26:13-54
128            android:required="false" />
128-->[androidx.window:window:1.0.0-beta04] AndroidManifest.xml:27:13-37
129        <uses-library
129-->[androidx.window:window:1.0.0-beta04] AndroidManifest.xml:28:9-30:40
130            android:name="androidx.window.sidecar"
130-->[androidx.window:window:1.0.0-beta04] AndroidManifest.xml:29:13-51
131            android:required="false" />
131-->[androidx.window:window:1.0.0-beta04] AndroidManifest.xml:30:13-37
132
133        <activity
133-->[com.google.firebase:firebase-auth:21.1.0] AndroidManifest.xml:27:9-44:20
134            android:name="com.google.firebase.auth.internal.GenericIdpActivity"
134-->[com.google.firebase:firebase-auth:21.1.0] AndroidManifest.xml:28:13-80
135            android:excludeFromRecents="true"
135-->[com.google.firebase:firebase-auth:21.1.0] AndroidManifest.xml:29:13-46
136            android:exported="true"
136-->[com.google.firebase:firebase-auth:21.1.0] AndroidManifest.xml:30:13-36
137            android:launchMode="singleTask"
137-->[com.google.firebase:firebase-auth:21.1.0] AndroidManifest.xml:31:13-44
138            android:theme="@android:style/Theme.Translucent.NoTitleBar" >
138-->[com.google.firebase:firebase-auth:21.1.0] AndroidManifest.xml:32:13-72
139            <intent-filter>
139-->[com.google.firebase:firebase-auth:21.1.0] AndroidManifest.xml:33:13-43:29
140                <action android:name="android.intent.action.VIEW" />
140-->[com.razorpay:checkout:1.6.26] AndroidManifest.xml:13:13-65
140-->[com.razorpay:checkout:1.6.26] AndroidManifest.xml:13:21-62
141
142                <category android:name="android.intent.category.DEFAULT" />
142-->[com.google.firebase:firebase-auth:21.1.0] AndroidManifest.xml:36:17-76
142-->[com.google.firebase:firebase-auth:21.1.0] AndroidManifest.xml:36:27-73
143                <category android:name="android.intent.category.BROWSABLE" />
143-->[com.razorpay:checkout:1.6.26] AndroidManifest.xml:22:13-74
143-->[com.razorpay:checkout:1.6.26] AndroidManifest.xml:22:23-71
144
145                <data
145-->[com.razorpay:checkout:1.6.26] AndroidManifest.xml:15:13-17:38
146                    android:host="firebase.auth"
147                    android:path="/"
148                    android:scheme="genericidp" />
148-->[com.razorpay:checkout:1.6.26] AndroidManifest.xml:17:17-35
149            </intent-filter>
150        </activity>
151        <activity
151-->[com.google.firebase:firebase-auth:21.1.0] AndroidManifest.xml:45:9-62:20
152            android:name="com.google.firebase.auth.internal.RecaptchaActivity"
152-->[com.google.firebase:firebase-auth:21.1.0] AndroidManifest.xml:46:13-79
153            android:excludeFromRecents="true"
153-->[com.google.firebase:firebase-auth:21.1.0] AndroidManifest.xml:47:13-46
154            android:exported="true"
154-->[com.google.firebase:firebase-auth:21.1.0] AndroidManifest.xml:48:13-36
155            android:launchMode="singleTask"
155-->[com.google.firebase:firebase-auth:21.1.0] AndroidManifest.xml:49:13-44
156            android:theme="@android:style/Theme.Translucent.NoTitleBar" >
156-->[com.google.firebase:firebase-auth:21.1.0] AndroidManifest.xml:50:13-72
157            <intent-filter>
157-->[com.google.firebase:firebase-auth:21.1.0] AndroidManifest.xml:51:13-61:29
158                <action android:name="android.intent.action.VIEW" />
158-->[com.razorpay:checkout:1.6.26] AndroidManifest.xml:13:13-65
158-->[com.razorpay:checkout:1.6.26] AndroidManifest.xml:13:21-62
159
160                <category android:name="android.intent.category.DEFAULT" />
160-->[com.google.firebase:firebase-auth:21.1.0] AndroidManifest.xml:36:17-76
160-->[com.google.firebase:firebase-auth:21.1.0] AndroidManifest.xml:36:27-73
161                <category android:name="android.intent.category.BROWSABLE" />
161-->[com.razorpay:checkout:1.6.26] AndroidManifest.xml:22:13-74
161-->[com.razorpay:checkout:1.6.26] AndroidManifest.xml:22:23-71
162
163                <data
163-->[com.razorpay:checkout:1.6.26] AndroidManifest.xml:15:13-17:38
164                    android:host="firebase.auth"
165                    android:path="/"
166                    android:scheme="recaptcha" />
166-->[com.razorpay:checkout:1.6.26] AndroidManifest.xml:17:17-35
167            </intent-filter>
168        </activity>
169
170        <provider
170-->[com.google.firebase:firebase-common:20.2.0] AndroidManifest.xml:25:9-30:39
171            android:name="com.google.firebase.provider.FirebaseInitProvider"
171-->[com.google.firebase:firebase-common:20.2.0] AndroidManifest.xml:26:13-77
172            android:authorities="com.example.movie_ticket_app.firebaseinitprovider"
172-->[com.google.firebase:firebase-common:20.2.0] AndroidManifest.xml:27:13-72
173            android:directBootAware="true"
173-->[com.google.firebase:firebase-common:20.2.0] AndroidManifest.xml:28:13-43
174            android:exported="false"
174-->[com.google.firebase:firebase-common:20.2.0] AndroidManifest.xml:29:13-37
175            android:initOrder="100" />
175-->[com.google.firebase:firebase-common:20.2.0] AndroidManifest.xml:30:13-36
176
177        <activity
177-->[com.google.android.gms:play-services-auth:20.4.0] AndroidManifest.xml:23:9-27:75
178            android:name="com.google.android.gms.auth.api.signin.internal.SignInHubActivity"
178-->[com.google.android.gms:play-services-auth:20.4.0] AndroidManifest.xml:24:13-93
179            android:excludeFromRecents="true"
179-->[com.google.android.gms:play-services-auth:20.4.0] AndroidManifest.xml:25:13-46
180            android:exported="false"
180-->[com.google.android.gms:play-services-auth:20.4.0] AndroidManifest.xml:26:13-37
181            android:theme="@android:style/Theme.Translucent.NoTitleBar" />
181-->[com.google.android.gms:play-services-auth:20.4.0] AndroidManifest.xml:27:13-72
182        <!--
183            Service handling Google Sign-In user revocation. For apps that do not integrate with
184            Google Sign-In, this service will never be started.
185        -->
186        <service
186-->[com.google.android.gms:play-services-auth:20.4.0] AndroidManifest.xml:33:9-37:51
187            android:name="com.google.android.gms.auth.api.signin.RevocationBoundService"
187-->[com.google.android.gms:play-services-auth:20.4.0] AndroidManifest.xml:34:13-89
188            android:exported="true"
188-->[com.google.android.gms:play-services-auth:20.4.0] AndroidManifest.xml:35:13-36
189            android:permission="com.google.android.gms.auth.api.signin.permission.REVOCATION_NOTIFICATION"
189-->[com.google.android.gms:play-services-auth:20.4.0] AndroidManifest.xml:36:13-107
190            android:visibleToInstantApps="true" /> <!-- Needs to be explicitly declared on P+ -->
190-->[com.google.android.gms:play-services-auth:20.4.0] AndroidManifest.xml:37:13-48
191        <uses-library
191-->[com.google.android.gms:play-services-maps:17.0.0] AndroidManifest.xml:33:9-35:40
192            android:name="org.apache.http.legacy"
192-->[com.google.android.gms:play-services-maps:17.0.0] AndroidManifest.xml:34:13-50
193            android:required="false" />
193-->[com.google.android.gms:play-services-maps:17.0.0] AndroidManifest.xml:35:13-37
194
195        <activity
195-->[com.google.android.gms:play-services-base:18.0.1] AndroidManifest.xml:20:9-22:45
196            android:name="com.google.android.gms.common.api.GoogleApiActivity"
196-->[com.google.android.gms:play-services-base:18.0.1] AndroidManifest.xml:20:19-85
197            android:exported="false"
197-->[com.google.android.gms:play-services-base:18.0.1] AndroidManifest.xml:22:19-43
198            android:theme="@android:style/Theme.Translucent.NoTitleBar" />
198-->[com.google.android.gms:play-services-base:18.0.1] AndroidManifest.xml:21:19-78
199
200        <meta-data
200-->[com.google.android.gms:play-services-basement:18.1.0] AndroidManifest.xml:21:9-23:69
201            android:name="com.google.android.gms.version"
201-->[com.google.android.gms:play-services-basement:18.1.0] AndroidManifest.xml:22:13-58
202            android:value="@integer/google_play_services_version" />
202-->[com.google.android.gms:play-services-basement:18.1.0] AndroidManifest.xml:23:13-66
203    </application>
204
205</manifest>